Log.obj : error LNK2019: unresolved external symbol "public: virtual __thiscall sf::Transformable::~Transformable(void)" (??1Transformable@sf@@UAE@XZ) referenced in function __unwindfunclet$??0Shape@sf@@QAE@ABV01@@Z$1
Car.obj : error LNK2001: unresolved external symbol "public: virtual __thiscall sf::Transformable::~Transformable(void)" (??1Transformable@sf@@UAE@XZ)
Frog.obj : error LNK2001: unresolved external symbol "public: virtual __thiscall sf::Transformable::~Transformable(void)" (??1Transformable@sf@@UAE@XZ)
FrogBase.obj : error LNK2001: unresolved external symbol "public: virtual __thiscall sf::Transformable::~Transformable(void)" (??1Transformable@sf@@UAE@XZ)
GameLoop.obj : error LNK2001: unresolved external symbol "public: virtual __thiscall sf::Transformable::~Transformable(void)" (??1Transformable@sf@@UAE@XZ)
Log.obj : error LNK2019: unresolved external symbol "public: void __thiscall sf::Transformable::setPosition(float,float)" (?setPosition@Transformable@sf@@QAEXMM@Z) referenced in function "public: void __thiscall Log::FloatOnWater(void)" (?FloatOnWater@Log@@QAEXXZ)
Car.obj : error LNK2001: unresolved external symbol "public: void __thiscall sf::Transformable::setPosition(float,float)" (?setPosition@Transformable@sf@@QAEXMM@Z)
Frog.obj : error LNK2001: unresolved external symbol "public: void __thiscall sf::Transformable::setPosition(float,float)" (?setPosition@Transformable@sf@@QAEXMM@Z)
FrogBase.obj : error LNK2001: unresolved external symbol "public: void __thiscall sf::Transformable::setPosition(float,float)" (?setPosition@Transformable@sf@@QAEXMM@Z)
GameLoop.obj : error LNK2001: unresolved external symbol "public: void __thiscall sf::Transformable::setPosition(float,float)" (?setPosition@Transformable@sf@@QAEXMM@Z)
Car.obj : error LNK2019: unresolved external symbol "public: void __thiscall sf::Transformable::setPosition(class sf::Vector2<float> const &)" (?setPosition@Transformable@sf@@QAEXABV?$Vector2@M@2@@Z) referenced in function "public: void __thiscall Car::reset(void)" (?reset@Car@@QAEXXZ)
Frog.obj : error LNK2001: unresolved external symbol "public: void __thiscall sf::Transformable::setPosition(class sf::Vector2<float> const &)" (?setPosition@Transformable@sf@@QAEXABV?$Vector2@M@2@@Z)
Log.obj : error LNK2001: unresolved external symbol "public: void __thiscall sf::Transformable::setPosition(class sf::Vector2<float> const &)" (?setPosition@Transformable@sf@@QAEXABV?$Vector2@M@2@@Z)
Car.obj : error LNK2019: unresolved external symbol "public: class sf::Vector2<float> const & __thiscall sf::Transformable::getPosition(void)const " (?getPosition@Transformable@sf@@QBEABV?$Vector2@M@2@XZ) referenced in function "public: void __thiscall Car::drive(void)" (?drive@Car@@QAEXXZ)
GameLoop.obj : error LNK2001: unresolved external symbol "public: class sf::Vector2<float> const & __thiscall sf::Transformable::getPosition(void)const " (?getPosition@Transformable@sf@@QBEABV?$Vector2@M@2@XZ)
Log.obj : error LNK2001: unresolved external symbol "public: class sf::Vector2<float> const & __thiscall sf::Transformable::getPosition(void)const " (?getPosition@Transformable@sf@@QBEABV?$Vector2@M@2@XZ)
Car.obj : error LNK2019: unresolved external symbol "public: void __thiscall sf::Transformable::move(float,float)" (?move@Transformable@sf@@QAEXMM@Z) referenced in function "public: void __thiscall Car::drive(void)" (?drive@Car@@QAEXXZ)
Frog.obj : error LNK2001: unresolved external symbol "public: void __thiscall sf::Transformable::move(float,float)" (?move@Transformable@sf@@QAEXMM@Z)
Log.obj : error LNK2001: unresolved external symbol "public: void __thiscall sf::Transformable::move(float,float)" (?move@Transformable@sf@@QAEXMM@Z)
Car.obj : error LNK2001: unresolved external symbol "private: virtual void __thiscall sf::VertexArray::draw(class sf::RenderTarget &,class sf::RenderStates)const " (?draw@VertexArray@sf@@EBEXAAVRenderTarget@2@VRenderStates@2@@Z)
Frog.obj : error LNK2001: unresolved external symbol "private: virtual void __thiscall sf::VertexArray::draw(class sf::RenderTarget &,class sf::RenderStates)const " (?draw@VertexArray@sf@@EBEXAAVRenderTarget@2@VRenderStates@2@@Z)
FrogBase.obj : error LNK2001: unresolved external symbol "private: virtual void __thiscall sf::VertexArray::draw(class sf::RenderTarget &,class sf::RenderStates)const " (?draw@VertexArray@sf@@EBEXAAVRenderTarget@2@VRenderStates@2@@Z)
Log.obj : error LNK2001: unresolved external symbol "private: virtual void __thiscall sf::VertexArray::draw(class sf::RenderTarget &,class sf::RenderStates)const " (?draw@VertexArray@sf@@EBEXAAVRenderTarget@2@VRenderStates@2@@Z)
Log.obj : error LNK2019: unresolved external symbol "public: virtual __thiscall sf::Shape::~Shape(void)" (??1Shape@sf@@UAE@XZ) referenced in function "public: virtual __thiscall sf::RectangleShape::~RectangleShape(void)" (??1RectangleShape@sf@@UAE@XZ)
Car.obj : error LNK2001: unresolved external symbol "public: virtual __thiscall sf::Shape::~Shape(void)" (??1Shape@sf@@UAE@XZ)
Frog.obj : error LNK2001: unresolved external symbol "public: virtual __thiscall sf::Shape::~Shape(void)" (??1Shape@sf@@UAE@XZ)
FrogBase.obj : error LNK2001: unresolved external symbol "public: virtual __thiscall sf::Shape::~Shape(void)" (??1Shape@sf@@UAE@XZ)
GameLoop.obj : error LNK2001: unresolved external symbol "public: virtual __thiscall sf::Shape::~Shape(void)" (??1Shape@sf@@UAE@XZ)
Log.obj : error LNK2019: unresolved external symbol "public: void __thiscall sf::Shape::setTexture(class sf::Texture const *,bool)" (?setTexture@Shape@sf@@QAEXPBVTexture@2@_N@Z) referenced in function "public: __thiscall Log::Log(class sf::Texture const *,class sf::Vector2<float>,class sf::Vector2<float>,float)" (??0Log@@QAE@PBVTexture@sf@@V?$Vector2@M@2@1M@Z)
Car.obj : error LNK2001: unresolved external symbol "public: void __thiscall sf::Shape::setTexture(class sf::Texture const *,bool)" (?setTexture@Shape@sf@@QAEXPBVTexture@2@_N@Z)
Frog.obj : error LNK2001: unresolved external symbol "public: void __thiscall sf::Shape::setTexture(class sf::Texture const *,bool)" (?setTexture@Shape@sf@@QAEXPBVTexture@2@_N@Z)
FrogBase.obj : error LNK2001: unresolved external symbol "public: void __thiscall sf::Shape::setTexture(class sf::Texture const *,bool)" (?setTexture@Shape@sf@@QAEXPBVTexture@2@_N@Z)
GameLoop.obj : error LNK2001: unresolved external symbol "public: void __thiscall sf::Shape::setTexture(class sf::Texture const *,bool)" (?setTexture@Shape@sf@@QAEXPBVTexture@2@_N@Z)
Car.obj : error LNK2001: unresolved external symbol "private: virtual void __thiscall sf::Shape::draw(class sf::RenderTarget &,class sf::RenderStates)const " (?draw@Shape@sf@@EBEXAAVRenderTarget@2@VRenderStates@2@@Z)
Frog.obj : error LNK2001: unresolved external symbol "private: virtual void __thiscall sf::Shape::draw(class sf::RenderTarget &,class sf::RenderStates)const " (?draw@Shape@sf@@EBEXAAVRenderTarget@2@VRenderStates@2@@Z)
FrogBase.obj : error LNK2001: unresolved external symbol "private: virtual void __thiscall sf::Shape::draw(class sf::RenderTarget &,class sf::RenderStates)const " (?draw@Shape@sf@@EBEXAAVRenderTarget@2@VRenderStates@2@@Z)
Log.obj : error LNK2001: unresolved external symbol "private: virtual void __thiscall sf::Shape::draw(class sf::RenderTarget &,class sf::RenderStates)const " (?draw@Shape@sf@@EBEXAAVRenderTarget@2@VRenderStates@2@@Z)
Log.obj : error LNK2019: unresolved external symbol "public: __thiscall sf::RectangleShape::RectangleShape(class sf::Vector2<float> const &)" (??0RectangleShape@sf@@QAE@ABV?$Vector2@M@1@@Z) referenced in function "public: __thiscall Log::Log(class sf::Texture const *,class sf::Vector2<float>,class sf::Vector2<float>,float)" (??0Log@@QAE@PBVTexture@sf@@V?$Vector2@M@2@1M@Z)
Car.obj : error LNK2001: unresolved external symbol "public: __thiscall sf::RectangleShape::RectangleShape(class sf::Vector2<float> const &)" (??0RectangleShape@sf@@QAE@ABV?$Vector2@M@1@@Z)
Frog.obj : error LNK2001: unresolved external symbol "public: __thiscall sf::RectangleShape::RectangleShape(class sf::Vector2<float> const &)" (??0RectangleShape@sf@@QAE@ABV?$Vector2@M@1@@Z)
FrogBase.obj : error LNK2001: unresolved external symbol "public: __thiscall sf::RectangleShape::RectangleShape(class sf::Vector2<float> const &)" (??0RectangleShape@sf@@QAE@ABV?$Vector2@M@1@@Z)
GameLoop.obj : error LNK2001: unresolved external symbol "public: __thiscall sf::RectangleShape::RectangleShape(class sf::Vector2<float> const &)" (??0RectangleShape@sf@@QAE@ABV?$Vector2@M@1@@Z)
Log.obj : error LNK2019: unresolved external symbol "public: void __thiscall sf::RectangleShape::setSize(class sf::Vector2<float> const &)" (?setSize@RectangleShape@sf@@QAEXABV?$Vector2@M@2@@Z) referenced in function "public: __thiscall Log::Log(class sf::Texture const *,class sf::Vector2<float>,class sf::Vector2<float>,float)" (??0Log@@QAE@PBVTexture@sf@@V?$Vector2@M@2@1M@Z)
Car.obj : error LNK2001: unresolved external symbol "public: void __thiscall sf::RectangleShape::setSize(class sf::Vector2<float> const &)" (?setSize@RectangleShape@sf@@QAEXABV?$Vector2@M@2@@Z)
Frog.obj : error LNK2001: unresolved external symbol "public: void __thiscall sf::RectangleShape::setSize(class sf::Vector2<float> const &)" (?setSize@RectangleShape@sf@@QAEXABV?$Vector2@M@2@@Z)
FrogBase.obj : error LNK2001: unresolved external symbol "public: void __thiscall sf::RectangleShape::setSize(class sf::Vector2<float> const &)" (?setSize@RectangleShape@sf@@QAEXABV?$Vector2@M@2@@Z)
GameLoop.obj : error LNK2001: unresolved external symbol "public: void __thiscall sf::RectangleShape::setSize(class sf::Vector2<float> const &)" (?setSize@RectangleShape@sf@@QAEXABV?$Vector2@M@2@@Z)
Car.obj : error LNK2001: unresolved external symbol "public: virtual unsigned int __thiscall sf::RectangleShape::getPointCount(void)const " (?getPointCount@RectangleShape@sf@@UBEIXZ)
Frog.obj : error LNK2001: unresolved external symbol "public: virtual unsigned int __thiscall sf::RectangleShape::getPointCount(void)const " (?getPointCount@RectangleShape@sf@@UBEIXZ)
FrogBase.obj : error LNK2001: unresolved external symbol "public: virtual unsigned int __thiscall sf::RectangleShape::getPointCount(void)const " (?getPointCount@RectangleShape@sf@@UBEIXZ)
Log.obj : error LNK2001: unresolved external symbol "public: virtual unsigned int __thiscall sf::RectangleShape::getPointCount(void)const " (?getPointCount@RectangleShape@sf@@UBEIXZ)
Car.obj : error LNK2001: unresolved external symbol "public: virtual class sf::Vector2<float> __thiscall sf::RectangleShape::getPoint(unsigned int)const " (?getPoint@RectangleShape@sf@@UBE?AV?$Vector2@M@2@I@Z)
Frog.obj : error LNK2001: unresolved external symbol "public: virtual class sf::Vector2<float> __thiscall sf::RectangleShape::getPoint(unsigned int)const " (?getPoint@RectangleShape@sf@@UBE?AV?$Vector2@M@2@I@Z)
FrogBase.obj : error LNK2001: unresolved external symbol "public: virtual class sf::Vector2<float> __thiscall sf::RectangleShape::getPoint(unsigned int)const " (?getPoint@RectangleShape@sf@@UBE?AV?$Vector2@M@2@I@Z)
Log.obj : error LNK2001: unresolved external symbol "public: virtual class sf::Vector2<float> __thiscall sf::RectangleShape::getPoint(unsigned int)const " (?getPoint@RectangleShape@sf@@UBE?AV?$Vector2@M@2@I@Z)
Log.obj : error LNK2019: unresolved external symbol "public: void __thiscall sf::RenderTarget::draw(class sf::Drawable const &,class sf::RenderStates const &)" (?draw@RenderTarget@sf@@QAEXABVDrawable@2@ABVRenderStates@2@@Z) referenced in function "public: void __thiscall Log::draw(class sf::RenderWindow &)" (?draw@Log@@QAEXAAVRenderWindow@sf@@@Z)
Car.obj : error LNK2001: unresolved external symbol "public: void __thiscall sf::RenderTarget::draw(class sf::Drawable const &,class sf::RenderStates const &)" (?draw@RenderTarget@sf@@QAEXABVDrawable@2@ABVRenderStates@2@@Z)
Frog.obj : error LNK2001: unresolved external symbol "public: void __thiscall sf::RenderTarget::draw(class sf::Drawable const &,class sf::RenderStates const &)" (?draw@RenderTarget@sf@@QAEXABVDrawable@2@ABVRenderStates@2@@Z)
FrogBase.obj : error LNK2001: unresolved external symbol "public: void __thiscall sf::RenderTarget::draw(class sf::Drawable const &,class sf::RenderStates const &)" (?draw@RenderTarget@sf@@QAEXABVDrawable@2@ABVRenderStates@2@@Z)
GameLoop.obj : error LNK2001: unresolved external symbol "public: void __thiscall sf::RenderTarget::draw(class sf::Drawable const &,class sf::RenderStates const &)" (?draw@RenderTarget@sf@@QAEXABVDrawable@2@ABVRenderStates@2@@Z)
Log.obj : error LNK2001: unresolved external symbol "public: static class sf::RenderStates const sf::RenderStates::Default" (?Default@RenderStates@sf@@2V12@B)
Car.obj : error LNK2001: unresolved external symbol "public: static class sf::RenderStates const sf::RenderStates::Default" (?Default@RenderStates@sf@@2V12@B)
Frog.obj : error LNK2001: unresolved external symbol "public: static class sf::RenderStates const sf::RenderStates::Default" (?Default@RenderStates@sf@@2V12@B)
FrogBase.obj : error LNK2001: unresolved external symbol "public: static class sf::RenderStates const sf::RenderStates::Default" (?Default@RenderStates@sf@@2V12@B)
GameLoop.obj : error LNK2001: unresolved external symbol "public: static class sf::RenderStates const sf::RenderStates::Default" (?Default@RenderStates@sf@@2V12@B)
Frog.obj : error LNK2019: unresolved external symbol "public: float __thiscall sf::Time::asSeconds(void)const " (?asSeconds@Time@sf@@QBEMXZ) referenced in function "public: void __thiscall Frog::move(class sf::Event)" (?move@Frog@@QAEXVEvent@sf@@@Z)
FrogBase.obj : error LNK2001: unresolved external symbol "public: float __thiscall sf::Time::asSeconds(void)const " (?asSeconds@Time@sf@@QBEMXZ)
Frog.obj : error LNK2019: unresolved external symbol "public: __thiscall sf::Clock::Clock(void)" (??0Clock@sf@@QAE@XZ) referenced in function "public: __thiscall Frog::Frog(void)" (??0Frog@@QAE@XZ)
FrogBase.obj : error LNK2001: unresolved external symbol "public: __thiscall sf::Clock::Clock(void)" (??0Clock@sf@@QAE@XZ)
Frog.obj : error LNK2019: unresolved external symbol "public: class sf::Time __thiscall sf::Clock::getElapsedTime(void)const " (?getElapsedTime@Clock@sf@@QBE?AVTime@2@XZ) referenced in function "public: void __thiscall Frog::move(class sf::Event)" (?move@Frog@@QAEXVEvent@sf@@@Z)
FrogBase.obj : error LNK2001: unresolved external symbol "public: class sf::Time __thiscall sf::Clock::getElapsedTime(void)const " (?getElapsedTime@Clock@sf@@QBE?AVTime@2@XZ)
Frog.obj : error LNK2019: unresolved external symbol "public: class sf::Time __thiscall sf::Clock::restart(void)" (?restart@Clock@sf@@QAE?AVTime@2@XZ) referenced in function "public: void __thiscall Frog::move(class sf::Event)" (?move@Frog@@QAEXVEvent@sf@@@Z)
FrogBase.obj : error LNK2001: unresolved external symbol "public: class sf::Time __thiscall sf::Clock::restart(void)" (?restart@Clock@sf@@QAE?AVTime@2@XZ)
Frog.obj : error LNK2019: unresolved external symbol "public: void __thiscall sf::Transformable::setRotation(float)" (?setRotation@Transformable@sf@@QAEXM@Z) referenced in function "public: void __thiscall Frog::move(class sf::Event)" (?move@Frog@@QAEXVEvent@sf@@@Z)
Frog.obj : error LNK2019: unresolved external symbol "public: void __thiscall sf::Transformable::setOrigin(float,float)" (?setOrigin@Transformable@sf@@QAEXMM@Z) referenced in function "public: __thiscall Frog::Frog(void)" (??0Frog@@QAE@XZ)
Frog.obj : error LNK2019: unresolved external symbol "public: __thiscall sf::Texture::Texture(void)" (??0Texture@sf@@QAE@XZ) referenced in function "public: __thiscall Frog::Frog(void)" (??0Frog@@QAE@XZ)
FrogBase.obj : error LNK2001: unresolved external symbol "public: __thiscall sf::Texture::Texture(void)" (??0Texture@sf@@QAE@XZ)
GameLoop.obj : error LNK2001: unresolved external symbol "public: __thiscall sf::Texture::Texture(void)" (??0Texture@sf@@QAE@XZ)
Frog.obj : error LNK2019: unresolved external symbol "public: __thiscall sf::Texture::~Texture(void)" (??1Texture@sf@@QAE@XZ) referenced in function "public: __thiscall Frog::~Frog(void)" (??1Frog@@QAE@XZ)
FrogBase.obj : error LNK2001: unresolved external symbol "public: __thiscall sf::Texture::~Texture(void)" (??1Texture@sf@@QAE@XZ)
GameLoop.obj : error LNK2001: unresolved external symbol "public: __thiscall sf::Texture::~Texture(void)" (??1Texture@sf@@QAE@XZ)
Frog.obj : error LNK2019: unresolved external symbol "public: bool __thiscall sf::Texture::loadFromFile(class std::basic_string<char,struct std::char_traits<char>,class std::allocator<char> > const &,class sf::Rect<int> const &)" (?loadFromFile@Texture@sf@@QAE_NABV?$basic_string@DU?$char_traits@D@std@@V?$allocator@D@2@@std@@ABV?$Rect@H@2@@Z) referenced in function "public: __thiscall Frog::Frog(void)" (??0Frog@@QAE@XZ)
FrogBase.obj : error LNK2001: unresolved external symbol "public: bool __thiscall sf::Texture::loadFromFile(class std::basic_string<char,struct std::char_traits<char>,class std::allocator<char> > const &,class sf::Rect<int> const &)" (?loadFromFile@Texture@sf@@QAE_NABV?$basic_string@DU?$char_traits@D@std@@V?$allocator@D@2@@std@@ABV?$Rect@H@2@@Z)
GameLoop.obj : error LNK2001: unresolved external symbol "public: bool __thiscall sf::Texture::loadFromFile(class std::basic_string<char,struct std::char_traits<char>,class std::allocator<char> > const &,class sf::Rect<int> const &)" (?loadFromFile@Texture@sf@@QAE_NABV?$basic_string@DU?$char_traits@D@std@@V?$allocator@D@2@@std@@ABV?$Rect@H@2@@Z)
Frog.obj : error LNK2019: unresolved external symbol "public: __thiscall sf::Sprite::Sprite(void)" (??0Sprite@sf@@QAE@XZ) referenced in function "public: __thiscall Frog::Frog(void)" (??0Frog@@QAE@XZ)
GameLoop.obj : error LNK2001: unresolved external symbol "public: __thiscall sf::Sprite::Sprite(void)" (??0Sprite@sf@@QAE@XZ)
Frog.obj : error LNK2019: unresolved external symbol "public: void __thiscall sf::Sprite::setTexture(class sf::Texture const &,bool)" (?setTexture@Sprite@sf@@QAEXABVTexture@2@_N@Z) referenced in function "public: __thiscall Frog::Frog(void)" (??0Frog@@QAE@XZ)
GameLoop.obj : error LNK2001: unresolved external symbol "public: void __thiscall sf::Sprite::setTexture(class sf::Texture const &,bool)" (?setTexture@Sprite@sf@@QAEXABVTexture@2@_N@Z)
Frog.obj : error LNK2019: unresolved external symbol "public: void __thiscall sf::Sprite::setTextureRect(class sf::Rect<int> const &)" (?setTextureRect@Sprite@sf@@QAEXABV?$Rect@H@2@@Z) referenced in function "public: __thiscall Frog::Frog(void)" (??0Frog@@QAE@XZ)
Frog.obj : error LNK2019: unresolved external symbol "public: __thiscall sf::Sound::Sound(void)" (??0Sound@sf@@QAE@XZ) referenced in function "public: __thiscall Frog::Frog(void)" (??0Frog@@QAE@XZ)
Frog.obj : error LNK2019: unresolved external symbol "public: virtual __thiscall sf::Sound::~Sound(void)" (??1Sound@sf@@UAE@XZ) referenced in function "public: __thiscall Frog::~Frog(void)" (??1Frog@@QAE@XZ)
Frog.obj : error LNK2019: unresolved external symbol "public: void __thiscall sf::Sound::setBuffer(class sf::SoundBuffer const &)" (?setBuffer@Sound@sf@@QAEXABVSoundBuffer@2@@Z) referenced in function "public: __thiscall Frog::Frog(void)" (??0Frog@@QAE@XZ)
Frog.obj : error LNK2019: unresolved external symbol "public: __thiscall sf::SoundBuffer::SoundBuffer(void)" (??0SoundBuffer@sf@@QAE@XZ) referenced in function "public: __thiscall Frog::Frog(void)" (??0Frog@@QAE@XZ)
Frog.obj : error LNK2019: unresolved external symbol "public: __thiscall sf::SoundBuffer::~SoundBuffer(void)" (??1SoundBuffer@sf@@QAE@XZ) referenced in function "public: __thiscall Frog::~Frog(void)" (??1Frog@@QAE@XZ)
Frog.obj : error LNK2019: unresolved external symbol "public: bool __thiscall sf::SoundBuffer::loadFromFile(class std::basic_string<char,struct std::char_traits<char>,class std::allocator<char> > const &)" (?loadFromFile@SoundBuffer@sf@@QAE_NABV?$basic_string@DU?$char_traits@D@std@@V?$allocator@D@2@@std@@@Z) referenced in function "public: __thiscall Frog::Frog(void)" (??0Frog@@QAE@XZ)
FrogBase.obj : error LNK2019: unresolved external symbol "public: class sf::Rect<float> __thiscall sf::Shape::getGlobalBounds(void)const " (?getGlobalBounds@Shape@sf@@QBE?AV?$Rect@M@2@XZ) referenced in function "public: void __thiscall FrogBase::gotFlyBonus(void)" (?gotFlyBonus@FrogBase@@QAEXXZ)
GameLoop.obj : error LNK2001: unresolved external symbol "public: class sf::Rect<float> __thiscall sf::Shape::getGlobalBounds(void)const " (?getGlobalBounds@Shape@sf@@QBE?AV?$Rect@M@2@XZ)
GameLoop.obj : error LNK2019: unresolved external symbol "public: __thiscall sf::String::String(char const *,class std::locale const &)" (??0String@sf@@QAE@PBDABVlocale@std@@@Z) referenced in function "public: __thiscall GameLoop::GameLoop(void)" (??0GameLoop@@QAE@XZ)
GameLoop.obj : error LNK2019: unresolved external symbol "public: __thiscall sf::VideoMode::VideoMode(unsigned int,unsigned int,unsigned int)" (??0VideoMode@sf@@QAE@III@Z) referenced in function "public: __thiscall GameLoop::GameLoop(void)" (??0GameLoop@@QAE@XZ)
GameLoop.obj : error LNK2019: unresolved external symbol "public: void __thiscall sf::Window::close(void)" (?close@Window@sf@@QAEXXZ) referenced in function "public: void __thiscall GameLoop::Run(void)" (?Run@GameLoop@@QAEXXZ)
GameLoop.obj : error LNK2019: unresolved external symbol "public: bool __thiscall sf::Window::isOpen(void)const " (?isOpen@Window@sf@@QBE_NXZ) referenced in function "public: void __thiscall GameLoop::Run(void)" (?Run@GameLoop@@QAEXXZ)
GameLoop.obj : error LNK2019: unresolved external symbol "public: bool __thiscall sf::Window::pollEvent(class sf::Event &)" (?pollEvent@Window@sf@@QAE_NAAVEvent@2@@Z) referenced in function "public: void __thiscall GameLoop::Run(void)" (?Run@GameLoop@@QAEXXZ)
GameLoop.obj : error LNK2019: unresolved external symbol "public: void __thiscall sf::Window::setSize(class sf::Vector2<unsigned int> const &)" (?setSize@Window@sf@@QAEXABV?$Vector2@I@2@@Z) referenced in function "public: __thiscall GameLoop::GameLoop(void)" (??0GameLoop@@QAE@XZ)
GameLoop.obj : error LNK2019: unresolved external symbol "public: void __thiscall sf::Window::setFramerateLimit(unsigned int)" (?setFramerateLimit@Window@sf@@QAEXI@Z) referenced in function "public: __thiscall GameLoop::GameLoop(void)" (??0GameLoop@@QAE@XZ)
GameLoop.obj : error LNK2019: unresolved external symbol "public: void __thiscall sf::Window::display(void)" (?display@Window@sf@@QAEXXZ) referenced in function "public: void __thiscall GameLoop::Run(void)" (?Run@GameLoop@@QAEXXZ)
GameLoop.obj : error LNK2019: unresolved external symbol "public: __thiscall sf::Color::Color(unsigned char,unsigned char,unsigned char,unsigned char)" (??0Color@sf@@QAE@EEEE@Z) referenced in function "public: void __thiscall GameLoop::Run(void)" (?Run@GameLoop@@QAEXXZ)
GameLoop.obj : error LNK2019: unresolved external symbol "public: void __thiscall sf::RenderTarget::clear(class sf::Color const &)" (?clear@RenderTarget@sf@@QAEXABVColor@2@@Z) referenced in function "public: void __thiscall GameLoop::Run(void)" (?Run@GameLoop@@QAEXXZ)
GameLoop.obj : error LNK2019: unresolved external symbol "public: __thiscall sf::RenderWindow::RenderWindow(class sf::VideoMode,class sf::String const &,unsigned int,struct sf::ContextSettings const &)" (??0RenderWindow@sf@@QAE@VVideoMode@1@ABVString@1@IABUContextSettings@1@@Z) referenced in function "public: __thiscall GameLoop::GameLoop(void)" (??0GameLoop@@QAE@XZ)
..\bin\Release-windows\FroggerClone\FroggerClone.exe : fatal error LNK1120: 45 unresolved externals
